[uithemez.com/i/webfolio/webfolio/home-modern-studio.html]
[backblue.gif]
[fade.gif]
[index.html]
[uithemez.com/i/webfolio/webfolio/assets/imgs/favicon.ico]
[uithemez.com/i/webfolio/webfolio/assets/css/plugins.css]
[uithemez.com/i/webfolio/webfolio/assets/css/style.css]
[uithemez.com/i/webfolio/webfolio/assets/imgs/logo-light.png]
[uithemez.com/i/webfolio/webfolio/home-main.html]
[uithemez.com/i/webfolio/webfolio/assets/imgs/menu/1.png]
[uithemez.com/i/webfolio/webfolio/assets/imgs/menu/2.png]
[uithemez.com/i/webfolio/webfolio/home-creative-agency.html]
[uithemez.com/i/webfolio/webfolio/assets/imgs/menu/3.png]
[uithemez.com/i/webfolio/webfolio/home-digital-agency.html]
[uithemez.com/i/webfolio/webfolio/assets/imgs/menu/4.png]
[uithemez.com/i/webfolio/webfolio/home-personal.html]
[uithemez.com/i/webfolio/webfolio/assets/imgs/menu/5.png]
[uithemez.com/i/webfolio/webfolio/page-about.html]
[uithemez.com/i/webfolio/webfolio/page-services.html]
[uithemez.com/i/webfolio/webfolio/page-services-details.html]
[uithemez.com/i/webfolio/webfolio/page-team.html]
[uithemez.com/i/webfolio/webfolio/page-team-details.html]
[uithemez.com/i/webfolio/webfolio/page-contact.html]
[uithemez.com/i/webfolio/webfolio/page-FAQ.html]
[uithemez.com/i/webfolio/webfolio/page-404.html]
[uithemez.com/i/webfolio/webfolio/portfolio-gallery.html]
[uithemez.com/i/webfolio/webfolio/portfolio-creative.html]
[uithemez.com/i/webfolio/webfolio/portfolio-creative-carousel.html]
[uithemez.com/i/webfolio/webfolio/portfolio-grid.html]
[uithemez.com/i/webfolio/webfolio/portfolio-masonry.html]
[uithemez.com/i/webfolio/webfolio/project-details.html]
[uithemez.com/i/webfolio/webfolio/blog-classic.html]
[uithemez.com/i/webfolio/webfolio/blog-grid-sidebar.html]
[uithemez.com/i/webfolio/webfolio/blog-grid-3column.html]
[uithemez.com/i/webfolio/webfolio/blog-details.html]
[uithemez.com/i/webfolio/webfolio/assets/imgs/header/s1.jpg]
[uithemez.com/i/webfolio/webfolio/project1.html]
[uithemez.com/i/webfolio/webfolio/assets/imgs/header/s2.jpg]
[uithemez.com/i/webfolio/webfolio/project2.html]
[uithemez.com/i/webfolio/webfolio/assets/imgs/header/s3.jpg]
[uithemez.com/i/webfolio/webfolio/project3.html]
[uithemez.com/i/webfolio/webfolio/assets/imgs/patterns/blur1.png]
[uithemez.com/i/webfolio/webfolio/assets/imgs/intro/2.jpg]
[uithemez.com/i/webfolio/webfolio/assets/imgs/works/1/2.jpg]
[uithemez.com/i/webfolio/webfolio/assets/imgs/works/1/3.jpg]
[uithemez.com/i/webfolio/webfolio/assets/imgs/works/1/4.jpg]
[uithemez.com/i/webfolio/webfolio/assets/imgs/serv-icons/3.png]
[uithemez.com/i/webfolio/webfolio/assets/imgs/serv-icons/4.png]
[uithemez.com/i/webfolio/webfolio/assets/imgs/serv-icons/5.png]
[uithemez.com/i/webfolio/webfolio/assets/imgs/serv-icons/6.png]
[uithemez.com/i/webfolio/webfolio/assets/imgs/team/t1.png]
[uithemez.com/i/webfolio/webfolio/assets/imgs/team/t2.png]
[uithemez.com/i/webfolio/webfolio/assets/imgs/team/t3.png]
[uithemez.com/i/webfolio/webfolio/assets/imgs/team/t4.png]
[uithemez.com/i/webfolio/webfolio/assets/imgs/testim/t1.jpg]
[uithemez.com/i/webfolio/webfolio/assets/imgs/testim/t2.jpg]
[uithemez.com/i/webfolio/webfolio/assets/imgs/testim/t3.jpg]
[uithemez.com/i/webfolio/webfolio/assets/imgs/brands/c1.svg]
[uithemez.com/i/webfolio/webfolio/assets/imgs/brands/c2.svg]
[uithemez.com/i/webfolio/webfolio/assets/imgs/brands/c3.svg]
[uithemez.com/i/webfolio/webfolio/assets/imgs/brands/c4.svg]
[uithemez.com/i/webfolio/webfolio/assets/imgs/brands/c5.svg]
[uithemez.com/i/webfolio/webfolio/assets/imgs/blog/1.jpg]
[uithemez.com/i/webfolio/webfolio/assets/imgs/blog/2.jpg]
[uithemez.com/i/webfolio/webfolio/assets/imgs/star.png]
[uithemez.com/i/webfolio/webfolio/assets/js/jquery-3.6.0.min.js]
[uithemez.com/i/webfolio/webfolio/assets/js/jquery-migrate-3.4.0.min.js]
[uithemez.com/i/webfolio/webfolio/assets/js/plugins.js]
[uithemez.com/i/webfolio/webfolio/assets/js/gsap.min.js]
[uithemez.com/i/webfolio/webfolio/assets/js/ScrollSmoother.min.js]
[uithemez.com/i/webfolio/webfolio/assets/js/ScrollTrigger.min.js]
[uithemez.com/i/webfolio/webfolio/assets/js/smoother-script.js]
[uithemez.com/i/webfolio/webfolio/home-modern-studio.html]
[uithemez.com/i/webfolio/webfolio/assets/js/scripts.js]
[uithemez.com/i/webfolio/webfolio/assets/css/plugins/bootstrap.min.css]
[uithemez.com/i/webfolio/webfolio/assets/css/plugins/animate.min.css]
[uithemez.com/i/webfolio/webfolio/assets/css/plugins/themify-icons.css]
[uithemez.com/i/webfolio/webfolio/assets/css/plugins/pe-icon-7-stroke.css]
[uithemez.com/i/webfolio/webfolio/assets/css/plugins/fontawesome-all.min.css]
[uithemez.com/i/webfolio/webfolio/assets/css/plugins/justifiedGallery.min.css]
[uithemez.com/i/webfolio/webfolio/assets/css/plugins/magnific-popup.css]
[uithemez.com/i/webfolio/webfolio/assets/css/plugins/YouTubePopUp.css]
[uithemez.com/i/webfolio/webfolio/assets/css/plugins.css]
[uithemez.com/i/webfolio/webfolio/assets/css/plugins/swiper.min.css]
[uithemez.com/i/webfolio/webfolio/assets/css/style.css]
[uithemez.com/i/webfolio/webfolio/assets/imgs/background/bg5.jpg]
[uithemez.com/i/webfolio/webfolio/assets/imgs/icon-img/arrow-down-big.png]
[uithemez.com/i/webfolio/webfolio/assets/imgs/arw2.png]
[uithemez.com/i/webfolio/webfolio/assets/imgs/arw0.png]
[uithemez.com/i/webfolio/webfolio/assets/imgs/intro/04.jpg]
[uithemez.com/i/webfolio/webfolio/assets/imgs/arrow-right.png]
[uithemez.com/i/webfolio/webfolio/assets/imgs/works/1/5.jpg]
[uithemez.com/i/webfolio/webfolio/assets/imgs/works/1/6.jpg]
[uithemez.com/i/webfolio/webfolio/assets/imgs/serv-img/1.jpg]
[uithemez.com/i/webfolio/webfolio/assets/imgs/serv-img/2.jpg]
[uithemez.com/i/webfolio/webfolio/assets/imgs/serv-img/3.jpg]
[uithemez.com/i/webfolio/webfolio/assets/imgs/team/1.jpg]
[uithemez.com/i/webfolio/webfolio/assets/imgs/team/2.jpg]
[uithemez.com/i/webfolio/webfolio/assets/imgs/team/3.jpg]
[uithemez.com/i/webfolio/webfolio/assets/imgs/testim/bg.jpg]
[uithemez.com/i/webfolio/webfolio/assets/imgs/arw1.png]
[uithemez.com/i/webfolio/webfolio/home-main.html]
[uithemez.com/i/webfolio/webfolio/assets/imgs/header/2.jpg]
[uithemez.com/i/webfolio/webfolio/assets/imgs/intro/03.jpg]
[uithemez.com/i/webfolio/webfolio/home-creative-agency.html]
[uithemez.com/i/webfolio/webfolio/assets/imgs/header/4.jpg]
[uithemez.com/i/webfolio/webfolio/assets/imgs/intro/3.jpg]
[uithemez.com/i/webfolio/webfolio/assets/imgs/works/1/2.jpeg]
[uithemez.com/i/webfolio/webfolio/assets/imgs/blog/3.jpg]
[uithemez.com/i/webfolio/webfolio/home-digital-agency.html]
[uithemez.com/i/webfolio/webfolio/assets/imgs/header/p0.jpg]
[uithemez.com/i/webfolio/webfolio/assets/imgs/header/hi.png]
[uithemez.com/i/webfolio/webfolio/assets/imgs/header/p2.jpg]
[uithemez.com/i/webfolio/webfolio/assets/imgs/resume/icon1.png]
[uithemez.com/i/webfolio/webfolio/assets/imgs/resume/icon2.png]
[uithemez.com/i/webfolio/webfolio/assets/imgs/resume/icon3.png]
[uithemez.com/i/webfolio/webfolio/assets/imgs/resume/icon4.png]
[uithemez.com/i/webfolio/webfolio/assets/imgs/resume/s1.png]
[uithemez.com/i/webfolio/webfolio/assets/imgs/resume/s2.png]
[uithemez.com/i/webfolio/webfolio/assets/imgs/resume/s3.png]
[uithemez.com/i/webfolio/webfolio/assets/imgs/resume/s5.png]
[uithemez.com/i/webfolio/webfolio/assets/imgs/resume/s4.png]
[uithemez.com/i/webfolio/webfolio/assets/imgs/resume/s6.png]
[uithemez.com/i/webfolio/webfolio/home-personal.html]
[uithemez.com/i/webfolio/webfolio/assets/imgs/intro/i1.jpg]
[uithemez.com/i/webfolio/webfolio/assets/imgs/intro/i2.jpg]
[uithemez.com/i/webfolio/webfolio/page-about.html]
[uithemez.com/i/webfolio/webfolio/page-services.html]
[uithemez.com/i/webfolio/webfolio/page-services-details.html]
[uithemez.com/i/webfolio/webfolio/page-team.html]
[uithemez.com/i/webfolio/webfolio/assets/imgs/team/t5.jpg]
[uithemez.com/i/webfolio/webfolio/page-team-details.html]
[uithemez.com/i/webfolio/webfolio/page-contact.html]
[uithemez.com/i/webfolio/webfolio/page-FAQ.html]
[uithemez.com/i/webfolio/webfolio/page-404.html]
[uithemez.com/i/webfolio/webfolio/assets/imgs/works/grid/1.jpg]
[uithemez.com/i/webfolio/webfolio/assets/imgs/works/grid/2.jpg]
[uithemez.com/i/webfolio/webfolio/assets/imgs/works/grid/3.jpg]
[uithemez.com/i/webfolio/webfolio/assets/imgs/works/grid/4.jpg]
[uithemez.com/i/webfolio/webfolio/assets/imgs/works/grid/5.jpg]
[uithemez.com/i/webfolio/webfolio/assets/imgs/works/grid/6.jpg]
[uithemez.com/i/webfolio/webfolio/portfolio-gallery.html]
[uithemez.com/i/webfolio/webfolio/portfolio-creative.html]
[uithemez.com/i/webfolio/webfolio/portfolio-creative-carousel.html]
[uithemez.com/i/webfolio/webfolio/assets/imgs/works/2/1.jpg]
[uithemez.com/i/webfolio/webfolio/assets/imgs/works/2/2.jpg]
[uithemez.com/i/webfolio/webfolio/assets/imgs/works/2/3.jpg]
[uithemez.com/i/webfolio/webfolio/assets/imgs/works/2/4.jpg]
[uithemez.com/i/webfolio/webfolio/assets/imgs/works/2/5.jpg]
[uithemez.com/i/webfolio/webfolio/assets/imgs/works/2/6.jpg]
[uithemez.com/i/webfolio/webfolio/assets/imgs/works/2/7.jpg]
[uithemez.com/i/webfolio/webfolio/assets/imgs/works/2/8.jpg]
[uithemez.com/i/webfolio/webfolio/assets/imgs/works/2/9.jpg]
[uithemez.com/i/webfolio/webfolio/portfolio-grid.html]
[uithemez.com/i/webfolio/webfolio/assets/imgs/works/4/h1.jpg]
[uithemez.com/i/webfolio/webfolio/assets/imgs/works/4/1.jpg]
[uithemez.com/i/webfolio/webfolio/assets/imgs/works/4/2.jpg]
[uithemez.com/i/webfolio/webfolio/assets/imgs/works/4/3.jpg]
[uithemez.com/i/webfolio/webfolio/assets/imgs/works/4/4.jpg]
[uithemez.com/i/webfolio/webfolio/assets/imgs/works/4/h2.jpg]
[uithemez.com/i/webfolio/webfolio/assets/imgs/works/4/h3.jpg]
[uithemez.com/i/webfolio/webfolio/assets/imgs/works/4/h4.jpg]
[uithemez.com/i/webfolio/webfolio/portfolio-masonry.html]
[uithemez.com/i/webfolio/webfolio/assets/imgs/works/3/1.jpg]
[uithemez.com/i/webfolio/webfolio/assets/imgs/works/3/2.jpg]
[uithemez.com/i/webfolio/webfolio/assets/imgs/works/3/3.jpg]
[uithemez.com/i/webfolio/webfolio/assets/imgs/works/3/6.jpg]
[uithemez.com/i/webfolio/webfolio/project-details.html]
[uithemez.com/i/webfolio/webfolio/assets/imgs/blog/blog1.jpg]
[uithemez.com/i/webfolio/webfolio/assets/imgs/blog/blog2.jpg]
[uithemez.com/i/webfolio/webfolio/assets/imgs/blog/blog4.jpg]
[uithemez.com/i/webfolio/webfolio/assets/imgs/blog/c1.jpg]
[uithemez.com/i/webfolio/webfolio/assets/imgs/blog/c2.jpg]
[uithemez.com/i/webfolio/webfolio/assets/imgs/blog/c3.jpg]
[uithemez.com/i/webfolio/webfolio/blog-classic.html]
[uithemez.com/i/webfolio/webfolio/blog-grid-sidebar.html]
[uithemez.com/i/webfolio/webfolio/blog-grid-3column.html]
[uithemez.com/i/webfolio/webfolio/assets/imgs/blog/author.png]
[uithemez.com/i/webfolio/webfolio/assets/imgs/blog/b1.jpg]
[uithemez.com/i/webfolio/webfolio/blog-details.html]
[uithemez.com/i/webfolio/webfolio/project1.html]
[uithemez.com/i/webfolio/webfolio/project2.html]
[uithemez.com/i/webfolio/webfolio/project3.html]
[uithemez.com/i/webfolio/webfolio/assets/imgs/brands/c1.svg]
[uithemez.com/i/webfolio/webfolio/assets/imgs/brands/c2.svg]
[uithemez.com/i/webfolio/webfolio/assets/imgs/brands/c3.svg]
[uithemez.com/i/webfolio/webfolio/assets/imgs/brands/c4.svg]
[uithemez.com/i/webfolio/webfolio/assets/imgs/brands/c5.svg]
[uithemez.com/i/webfolio/webfolio/assets/css/plugins/bootstrap.min.css]
[uithemez.com/i/webfolio/webfolio/assets/css/plugins/animate.min.css]
[uithemez.com/i/webfolio/webfolio/assets/imgs/works/1/1.jpg]
[uithemez.com/i/webfolio/webfolio/assets/fonts/themifyd41d.eot]
[uithemez.com/i/webfolio/webfolio/assets/fonts/themify9f24.eot]
[uithemez.com/i/webfolio/webfolio/assets/fonts/themify9f24.woff]
[uithemez.com/i/webfolio/webfolio/assets/fonts/themify9f24.ttf]
[uithemez.com/i/webfolio/webfolio/assets/fonts/themify9f24.svg]
[uithemez.com/i/webfolio/webfolio/assets/css/plugins/themify-icons.css]
[uithemez.com/i/webfolio/webfolio/assets/fonts/Pe-icon-7-strokebb1d.eot]
[uithemez.com/i/webfolio/webfolio/assets/fonts/Pe-icon-7-stroked41d.eot]
[uithemez.com/i/webfolio/webfolio/assets/fonts/Pe-icon-7-strokebb1d.woff]
[uithemez.com/i/webfolio/webfolio/assets/fonts/Pe-icon-7-strokebb1d.ttf]
[uithemez.com/i/webfolio/webfolio/assets/fonts/Pe-icon-7-strokebb1d.svg]
[uithemez.com/i/webfolio/webfolio/assets/css/plugins/pe-icon-7-stroke.css]
[uithemez.com/i/webfolio/webfolio/assets/fonts/fa-brands-400.eot]
[uithemez.com/i/webfolio/webfolio/assets/fonts/fa-brands-400.woff2]
[uithemez.com/i/webfolio/webfolio/assets/fonts/fa-brands-400d41d.eot]
[uithemez.com/i/webfolio/webfolio/assets/fonts/fa-brands-400.woff]
[uithemez.com/i/webfolio/webfolio/assets/fonts/fa-brands-400.ttf]
[uithemez.com/i/webfolio/webfolio/assets/fonts/fa-brands-400.svg]
[uithemez.com/i/webfolio/webfolio/assets/fonts/fa-regular-400.eot]
[uithemez.com/i/webfolio/webfolio/assets/fonts/fa-regular-400d41d.eot]
[uithemez.com/i/webfolio/webfolio/assets/fonts/fa-regular-400.woff2]
[uithemez.com/i/webfolio/webfolio/assets/fonts/fa-regular-400.woff]
[uithemez.com/i/webfolio/webfolio/assets/fonts/fa-regular-400.ttf]
[uithemez.com/i/webfolio/webfolio/assets/fonts/fa-regular-400.svg]
[uithemez.com/i/webfolio/webfolio/assets/fonts/fa-solid-900.eot]
[uithemez.com/i/webfolio/webfolio/assets/fonts/fa-solid-900d41d.eot]
[uithemez.com/i/webfolio/webfolio/assets/fonts/fa-solid-900.woff2]
[uithemez.com/i/webfolio/webfolio/assets/fonts/fa-solid-900.woff]
[uithemez.com/i/webfolio/webfolio/assets/fonts/fa-solid-900.ttf]
[uithemez.com/i/webfolio/webfolio/assets/fonts/fa-solid-900.svg]
[uithemez.com/i/webfolio/webfolio/assets/css/plugins/fontawesome-all.min.css]
[uithemez.com/i/webfolio/webfolio/assets/css/plugins/justifiedGallery.min.css]
[uithemez.com/i/webfolio/webfolio/assets/css/plugins/magnific-popup.css]
[uithemez.com/i/webfolio/webfolio/assets/css/images/close.png]
[uithemez.com/i/webfolio/webfolio/assets/css/plugins/YouTubePopUp.css]
[uithemez.com/i/webfolio/webfolio/assets/css/plugins/swiper.min.css]
[uithemez.com/i/webfolio/webfolio/assets/imgs/works/1/2.html]
[uithemez.com/i/webfolio/webfolio/assets/fonts/themify9f24.html]
[uithemez.com/i/webfolio/webfolio/assets/fonts/Pe-icon-7-strokebb1d.html]
[uithemez.com/i/webfolio/webfolio/assets/fonts/fa-brands-400.html]
[uithemez.com/i/webfolio/webfolio/assets/fonts/fa-regular-400.html]
[uithemez.com/i/webfolio/webfolio/assets/fonts/fa-solid-900.html]
[uithemez.com/i/webfolio/webfolio/assets/css/images/close.html]
[uithemez.com/i/webfolio/webfolio/assets/imgs/noise.png]
[uithemez.com/i/webfolio/webfolio/assets/imgs/noise.png]
[uithemez.com/i/webfolio/webfolio/assets/imgs/map.png]
